2026-06-08 21:11:44 [INFO] trador — Loaded strategy: whale_rider (Whale Rider)
2026-06-08 21:11:44 [INFO] trador — Loaded strategy: funding_arbitrage (Funding Arbitrage)
2026-06-08 21:11:44 [INFO] trador — Loaded strategy: grid_hunter (Grid Hunter)
2026-06-08 21:11:44 [INFO] trador — Loaded strategy: scalp_rapid (Scalp Rapid)
2026-06-08 21:11:44 [INFO] trador — Loaded strategy: swing_stealth (Swing Stealth)
2026-06-08 21:11:44 [INFO] trador — Loaded strategy: breakout_pro (Breakout Pro)
2026-06-08 21:11:44 [INFO] trador — Loaded strategy: fvg_catcher (FVG Catcher)
2026-06-08 21:11:44 [INFO] trador — Loaded strategy: liquidation_hunter (Liquidation Hunter)
2026-06-08 21:11:44 [INFO] trador — Loaded strategy: orderblock_hunter (Order Block Hunter)
2026-06-08 21:11:44 [INFO] trador — Loaded strategy: liquidity_sweep (Liquidity Sweep)
2026-06-08 21:11:44 [INFO] trador — Loaded strategy: momentum_ema (Momentum EMA Crossover)
2026-06-08 21:14:25 [INFO] trador — Trading engine init (testnet=False)
2026-06-08 21:14:25 [INFO] trador — Loaded strategy: whale_rider (Whale Rider)
2026-06-08 21:14:25 [INFO] trador — Loaded strategy: funding_arbitrage (Funding Arbitrage)
2026-06-08 21:14:25 [INFO] trador — Loaded strategy: grid_hunter (Grid Hunter)
2026-06-08 21:14:25 [INFO] trador — Loaded strategy: scalp_rapid (Scalp Rapid)
2026-06-08 21:14:25 [INFO] trador — Loaded strategy: swing_stealth (Swing Stealth)
2026-06-08 21:14:25 [INFO] trador — Loaded strategy: breakout_pro (Breakout Pro)
2026-06-08 21:14:25 [INFO] trador — Loaded strategy: fvg_catcher (FVG Catcher)
2026-06-08 21:14:25 [INFO] trador — Loaded strategy: liquidation_hunter (Liquidation Hunter)
2026-06-08 21:14:25 [INFO] trador — Loaded strategy: orderblock_hunter (Order Block Hunter)
2026-06-08 21:14:25 [INFO] trador — Loaded strategy: liquidity_sweep (Liquidity Sweep)
2026-06-08 21:14:25 [INFO] trador — Loaded strategy: momentum_ema (Momentum EMA Crossover)
2026-06-08 21:14:25 [INFO] trador — Strategy watcher started on /home/ubuntu/trador/strategies
2026-06-08 21:14:25 [ERROR] trador — Fatal error: You must pass the token you received from https://t.me/Botfather!
2026-06-08 21:14:42 [INFO] trador — Loaded strategy: whale_rider (Whale Rider)
2026-06-08 21:14:42 [INFO] trador — Loaded strategy: funding_arbitrage (Funding Arbitrage)
2026-06-08 21:14:42 [INFO] trador — Loaded strategy: grid_hunter (Grid Hunter)
2026-06-08 21:14:42 [INFO] trador — Loaded strategy: scalp_rapid (Scalp Rapid)
2026-06-08 21:14:42 [INFO] trador — Loaded strategy: swing_stealth (Swing Stealth)
2026-06-08 21:14:42 [INFO] trador — Loaded strategy: breakout_pro (Breakout Pro)
2026-06-08 21:14:42 [INFO] trador — Loaded strategy: fvg_catcher (FVG Catcher)
2026-06-08 21:14:42 [INFO] trador — Loaded strategy: liquidation_hunter (Liquidation Hunter)
2026-06-08 21:14:42 [INFO] trador — Loaded strategy: orderblock_hunter (Order Block Hunter)
2026-06-08 21:14:42 [INFO] trador — Loaded strategy: liquidity_sweep (Liquidity Sweep)
2026-06-08 21:14:42 [INFO] trador — Loaded strategy: momentum_ema (Momentum EMA Crossover)
2026-06-08 21:14:48 [INFO] trador — Loaded strategy: whale_rider (Whale Rider)
2026-06-08 21:14:48 [INFO] trador — Loaded strategy: funding_arbitrage (Funding Arbitrage)
2026-06-08 21:14:48 [INFO] trador — Loaded strategy: grid_hunter (Grid Hunter)
2026-06-08 21:14:48 [INFO] trador — Loaded strategy: scalp_rapid (Scalp Rapid)
2026-06-08 21:14:48 [INFO] trador — Loaded strategy: swing_stealth (Swing Stealth)
2026-06-08 21:14:48 [INFO] trador — Loaded strategy: breakout_pro (Breakout Pro)
2026-06-08 21:14:48 [INFO] trador — Loaded strategy: fvg_catcher (FVG Catcher)
2026-06-08 21:14:48 [INFO] trador — Loaded strategy: liquidation_hunter (Liquidation Hunter)
2026-06-08 21:14:48 [INFO] trador — Loaded strategy: orderblock_hunter (Order Block Hunter)
2026-06-08 21:14:48 [INFO] trador — Loaded strategy: liquidity_sweep (Liquidity Sweep)
2026-06-08 21:14:48 [INFO] trador — Loaded strategy: momentum_ema (Momentum EMA Crossover)
2026-06-08 21:14:53 [INFO] trador — Loaded strategy: whale_rider (Whale Rider)
2026-06-08 21:14:53 [INFO] trador — Loaded strategy: funding_arbitrage (Funding Arbitrage)
2026-06-08 21:14:53 [INFO] trador — Loaded strategy: grid_hunter (Grid Hunter)
2026-06-08 21:14:53 [INFO] trador — Loaded strategy: scalp_rapid (Scalp Rapid)
2026-06-08 21:14:53 [INFO] trador — Loaded strategy: swing_stealth (Swing Stealth)
2026-06-08 21:14:53 [INFO] trador — Loaded strategy: breakout_pro (Breakout Pro)
2026-06-08 21:14:53 [INFO] trador — Loaded strategy: fvg_catcher (FVG Catcher)
2026-06-08 21:14:53 [INFO] trador — Loaded strategy: liquidation_hunter (Liquidation Hunter)
2026-06-08 21:14:53 [INFO] trador — Loaded strategy: orderblock_hunter (Order Block Hunter)
2026-06-08 21:14:53 [INFO] trador — Loaded strategy: liquidity_sweep (Liquidity Sweep)
2026-06-08 21:14:53 [INFO] trador — Loaded strategy: momentum_ema (Momentum EMA Crossover)
2026-06-08 21:14:58 [INFO] trador — Loaded strategy: whale_rider (Whale Rider)
2026-06-08 21:14:58 [INFO] trador — Loaded strategy: funding_arbitrage (Funding Arbitrage)
2026-06-08 21:14:58 [INFO] trador — Loaded strategy: grid_hunter (Grid Hunter)
2026-06-08 21:14:58 [INFO] trador — Loaded strategy: scalp_rapid (Scalp Rapid)
2026-06-08 21:14:58 [INFO] trador — Loaded strategy: swing_stealth (Swing Stealth)
2026-06-08 21:14:58 [INFO] trador — Loaded strategy: breakout_pro (Breakout Pro)
2026-06-08 21:14:58 [INFO] trador — Loaded strategy: fvg_catcher (FVG Catcher)
2026-06-08 21:14:58 [INFO] trador — Loaded strategy: liquidation_hunter (Liquidation Hunter)
2026-06-08 21:14:58 [INFO] trador — Loaded strategy: orderblock_hunter (Order Block Hunter)
2026-06-08 21:14:58 [INFO] trador — Loaded strategy: liquidity_sweep (Liquidity Sweep)
2026-06-08 21:14:58 [INFO] trador — Loaded strategy: momentum_ema (Momentum EMA Crossover)
2026-06-08 21:15:03 [INFO] trador — Loaded strategy: whale_rider (Whale Rider)
2026-06-08 21:15:03 [INFO] trador — Loaded strategy: funding_arbitrage (Funding Arbitrage)
2026-06-08 21:15:03 [INFO] trador — Loaded strategy: grid_hunter (Grid Hunter)
2026-06-08 21:15:03 [INFO] trador — Loaded strategy: scalp_rapid (Scalp Rapid)
2026-06-08 21:15:03 [INFO] trador — Loaded strategy: swing_stealth (Swing Stealth)
2026-06-08 21:15:03 [INFO] trador — Loaded strategy: breakout_pro (Breakout Pro)
2026-06-08 21:15:03 [INFO] trador — Loaded strategy: fvg_catcher (FVG Catcher)
2026-06-08 21:15:03 [INFO] trador — Loaded strategy: liquidation_hunter (Liquidation Hunter)
2026-06-08 21:15:03 [INFO] trador — Loaded strategy: orderblock_hunter (Order Block Hunter)
2026-06-08 21:15:03 [INFO] trador — Loaded strategy: liquidity_sweep (Liquidity Sweep)
2026-06-08 21:15:03 [INFO] trador — Loaded strategy: momentum_ema (Momentum EMA Crossover)
2026-06-08 21:15:08 [INFO] trador — Loaded strategy: whale_rider (Whale Rider)
2026-06-08 21:15:08 [INFO] trador — Loaded strategy: funding_arbitrage (Funding Arbitrage)
2026-06-08 21:15:08 [INFO] trador — Loaded strategy: grid_hunter (Grid Hunter)
2026-06-08 21:15:08 [INFO] trador — Loaded strategy: scalp_rapid (Scalp Rapid)
2026-06-08 21:15:08 [INFO] trador — Loaded strategy: swing_stealth (Swing Stealth)
2026-06-08 21:15:08 [INFO] trador — Loaded strategy: breakout_pro (Breakout Pro)
2026-06-08 21:15:08 [INFO] trador — Loaded strategy: fvg_catcher (FVG Catcher)
2026-06-08 21:15:08 [INFO] trador — Loaded strategy: liquidation_hunter (Liquidation Hunter)
2026-06-08 21:15:08 [INFO] trador — Loaded strategy: orderblock_hunter (Order Block Hunter)
2026-06-08 21:15:08 [INFO] trador — Loaded strategy: liquidity_sweep (Liquidity Sweep)
2026-06-08 21:15:08 [INFO] trador — Loaded strategy: momentum_ema (Momentum EMA Crossover)
2026-06-08 21:15:13 [INFO] trador — Loaded strategy: whale_rider (Whale Rider)
2026-06-08 21:15:13 [INFO] trador — Loaded strategy: funding_arbitrage (Funding Arbitrage)
2026-06-08 21:15:13 [INFO] trador — Loaded strategy: grid_hunter (Grid Hunter)
2026-06-08 21:15:13 [INFO] trador — Loaded strategy: scalp_rapid (Scalp Rapid)
2026-06-08 21:15:13 [INFO] trador — Loaded strategy: swing_stealth (Swing Stealth)
2026-06-08 21:15:13 [INFO] trador — Loaded strategy: breakout_pro (Breakout Pro)
2026-06-08 21:15:13 [INFO] trador — Loaded strategy: fvg_catcher (FVG Catcher)
2026-06-08 21:15:13 [INFO] trador — Loaded strategy: liquidation_hunter (Liquidation Hunter)
2026-06-08 21:15:13 [INFO] trador — Loaded strategy: orderblock_hunter (Order Block Hunter)
2026-06-08 21:15:13 [INFO] trador — Loaded strategy: liquidity_sweep (Liquidity Sweep)
2026-06-08 21:15:13 [INFO] trador — Loaded strategy: momentum_ema (Momentum EMA Crossover)
2026-06-08 21:15:18 [INFO] trador — Loaded strategy: whale_rider (Whale Rider)
2026-06-08 21:15:18 [INFO] trador — Loaded strategy: funding_arbitrage (Funding Arbitrage)
2026-06-08 21:15:18 [INFO] trador — Loaded strategy: grid_hunter (Grid Hunter)
2026-06-08 21:15:18 [INFO] trador — Loaded strategy: scalp_rapid (Scalp Rapid)
2026-06-08 21:15:18 [INFO] trador — Loaded strategy: swing_stealth (Swing Stealth)
2026-06-08 21:15:18 [INFO] trador — Loaded strategy: breakout_pro (Breakout Pro)
2026-06-08 21:15:18 [INFO] trador — Loaded strategy: fvg_catcher (FVG Catcher)
2026-06-08 21:15:18 [INFO] trador — Loaded strategy: liquidation_hunter (Liquidation Hunter)
2026-06-08 21:15:18 [INFO] trador — Loaded strategy: orderblock_hunter (Order Block Hunter)
2026-06-08 21:15:18 [INFO] trador — Loaded strategy: liquidity_sweep (Liquidity Sweep)
2026-06-08 21:15:18 [INFO] trador — Loaded strategy: momentum_ema (Momentum EMA Crossover)
2026-06-08 21:15:23 [INFO] trador — Loaded strategy: whale_rider (Whale Rider)
2026-06-08 21:15:23 [INFO] trador — Loaded strategy: funding_arbitrage (Funding Arbitrage)
2026-06-08 21:15:23 [INFO] trador — Loaded strategy: grid_hunter (Grid Hunter)
2026-06-08 21:15:23 [INFO] trador — Loaded strategy: scalp_rapid (Scalp Rapid)
2026-06-08 21:15:23 [INFO] trador — Loaded strategy: swing_stealth (Swing Stealth)
2026-06-08 21:15:23 [INFO] trador — Loaded strategy: breakout_pro (Breakout Pro)
2026-06-08 21:15:23 [INFO] trador — Loaded strategy: fvg_catcher (FVG Catcher)
2026-06-08 21:15:23 [INFO] trador — Loaded strategy: liquidation_hunter (Liquidation Hunter)
2026-06-08 21:15:23 [INFO] trador — Loaded strategy: orderblock_hunter (Order Block Hunter)
2026-06-08 21:15:23 [INFO] trador — Loaded strategy: liquidity_sweep (Liquidity Sweep)
2026-06-08 21:15:23 [INFO] trador — Loaded strategy: momentum_ema (Momentum EMA Crossover)
2026-06-08 21:15:28 [INFO] trador — Loaded strategy: whale_rider (Whale Rider)
2026-06-08 21:15:28 [INFO] trador — Loaded strategy: funding_arbitrage (Funding Arbitrage)
2026-06-08 21:15:28 [INFO] trador — Loaded strategy: grid_hunter (Grid Hunter)
2026-06-08 21:15:28 [INFO] trador — Loaded strategy: scalp_rapid (Scalp Rapid)
2026-06-08 21:15:28 [INFO] trador — Loaded strategy: swing_stealth (Swing Stealth)
2026-06-08 21:15:28 [INFO] trador — Loaded strategy: breakout_pro (Breakout Pro)
2026-06-08 21:15:28 [INFO] trador — Loaded strategy: fvg_catcher (FVG Catcher)
2026-06-08 21:15:28 [INFO] trador — Loaded strategy: liquidation_hunter (Liquidation Hunter)
2026-06-08 21:15:28 [INFO] trador — Loaded strategy: orderblock_hunter (Order Block Hunter)
2026-06-08 21:15:28 [INFO] trador — Loaded strategy: liquidity_sweep (Liquidity Sweep)
2026-06-08 21:15:28 [INFO] trador — Loaded strategy: momentum_ema (Momentum EMA Crossover)
2026-06-08 21:15:32 [INFO] trador — Loaded strategy: whale_rider (Whale Rider)
2026-06-08 21:15:32 [INFO] trador — Loaded strategy: funding_arbitrage (Funding Arbitrage)
2026-06-08 21:15:32 [INFO] trador — Loaded strategy: grid_hunter (Grid Hunter)
2026-06-08 21:15:32 [INFO] trador — Loaded strategy: scalp_rapid (Scalp Rapid)
2026-06-08 21:15:32 [INFO] trador — Loaded strategy: swing_stealth (Swing Stealth)
2026-06-08 21:15:32 [INFO] trador — Loaded strategy: breakout_pro (Breakout Pro)
2026-06-08 21:15:32 [INFO] trador — Loaded strategy: fvg_catcher (FVG Catcher)
2026-06-08 21:15:32 [INFO] trador — Loaded strategy: liquidation_hunter (Liquidation Hunter)
2026-06-08 21:15:32 [INFO] trador — Loaded strategy: orderblock_hunter (Order Block Hunter)
2026-06-08 21:15:32 [INFO] trador — Loaded strategy: liquidity_sweep (Liquidity Sweep)
2026-06-08 21:15:32 [INFO] trador — Loaded strategy: momentum_ema (Momentum EMA Crossover)
